[Tue Nov 14 10:44:59 2017] [ow_core_log] [Exception] Message: SQLSTATE[42S02]: Base table or view not found: 1146 Table 'splod.ow_base_config' doesn't exist File: C:\Users\Utente\Documents\GitHub\SPLOD\oxwall\ow_core\database.php Line:723 Trace: [#0 C:\Users\Utente\Documents\GitHub\SPLOD\oxwall\ow_core\database.php(723): PDOStatement->execute()
#1 C:\Users\Utente\Documents\GitHub\SPLOD\oxwall\ow_core\database.php(344): OW_Database->execute('SELECT * FROM o...', Array)
#2 C:\Users\Utente\Documents\GitHub\SPLOD\oxwall\ow_core\base_dao.php(126): OW_Database->queryForObjectList('SELECT * FROM o...', 'BOL_Config', Array, 0, Array)
#3 C:\Users\Utente\Documents\GitHub\SPLOD\oxwall\ow_system_plugins\base\bol\config_service.php(121): OW_BaseDao->findAll()
#4 C:\Users\Utente\Documents\GitHub\SPLOD\oxwall\ow_core\config.php(58): BOL_ConfigService->findAllConfigs()
#5 C:\Users\Utente\Documents\GitHub\SPLOD\oxwall\ow_core\config.php(53): OW_Config->generateCache()
#6 C:\Users\Utente\Documents\GitHub\SPLOD\oxwall\ow_core\singleton.php(17): OW_Config->__construct()
#7 C:\Users\Utente\Documents\GitHub\SPLOD\oxwall\ow_core\ow.php(176): OW_Config::getInstance()
#8 C:\Users\Utente\Documents\GitHub\SPLOD\oxwall\ow_cron\run.php(48): OW::getConfig()
#9 {main}]
[Tue Nov 14 10:45:59 2017] [ow_core_log] [Exception] Message: SQLSTATE[42S02]: Base table or view not found: 1146 Table 'splod.ow_base_config' doesn't exist File: C:\Users\Utente\Documents\GitHub\SPLOD\oxwall\ow_core\database.php Line:723 Trace: [#0 C:\Users\Utente\Documents\GitHub\SPLOD\oxwall\ow_core\database.php(723): PDOStatement->execute()
#1 C:\Users\Utente\Documents\GitHub\SPLOD\oxwall\ow_core\database.php(344): OW_Database->execute('SELECT * FROM o...', Array)
#2 C:\Users\Utente\Documents\GitHub\SPLOD\oxwall\ow_core\base_dao.php(126): OW_Database->queryForObjectList('SELECT * FROM o...', 'BOL_Config', Array, 0, Array)
#3 C:\Users\Utente\Documents\GitHub\SPLOD\oxwall\ow_system_plugins\base\bol\config_service.php(121): OW_BaseDao->findAll()
#4 C:\Users\Utente\Documents\GitHub\SPLOD\oxwall\ow_core\config.php(58): BOL_ConfigService->findAllConfigs()
#5 C:\Users\Utente\Documents\GitHub\SPLOD\oxwall\ow_core\config.php(53): OW_Config->generateCache()
#6 C:\Users\Utente\Documents\GitHub\SPLOD\oxwall\ow_core\singleton.php(17): OW_Config->__construct()
#7 C:\Users\Utente\Documents\GitHub\SPLOD\oxwall\ow_core\ow.php(176): OW_Config::getInstance()
#8 C:\Users\Utente\Documents\GitHub\SPLOD\oxwall\ow_cron\run.php(48): OW::getConfig()
#9 {main}]
[Tue Nov 14 10:46:59 2017] [ow_core_log] [Exception] Message: SQLSTATE[42S02]: Base table or view not found: 1146 Table 'splod.ow_base_config' doesn't exist File: C:\Users\Utente\Documents\GitHub\SPLOD\oxwall\ow_core\database.php Line:723 Trace: [#0 C:\Users\Utente\Documents\GitHub\SPLOD\oxwall\ow_core\database.php(723): PDOStatement->execute()
#1 C:\Users\Utente\Documents\GitHub\SPLOD\oxwall\ow_core\database.php(344): OW_Database->execute('SELECT * FROM o...', Array)
#2 C:\Users\Utente\Documents\GitHub\SPLOD\oxwall\ow_core\base_dao.php(126): OW_Database->queryForObjectList('SELECT * FROM o...', 'BOL_Config', Array, 0, Array)
#3 C:\Users\Utente\Documents\GitHub\SPLOD\oxwall\ow_system_plugins\base\bol\config_service.php(121): OW_BaseDao->findAll()
#4 C:\Users\Utente\Documents\GitHub\SPLOD\oxwall\ow_core\config.php(58): BOL_ConfigService->findAllConfigs()
#5 C:\Users\Utente\Documents\GitHub\SPLOD\oxwall\ow_core\config.php(53): OW_Config->generateCache()
#6 C:\Users\Utente\Documents\GitHub\SPLOD\oxwall\ow_core\singleton.php(17): OW_Config->__construct()
#7 C:\Users\Utente\Documents\GitHub\SPLOD\oxwall\ow_core\ow.php(176): OW_Config::getInstance()
#8 C:\Users\Utente\Documents\GitHub\SPLOD\oxwall\ow_cron\run.php(48): OW::getConfig()
#9 {main}]
[Tue Nov 14 10:47:59 2017] [ow_core_log] [Exception] Message: SQLSTATE[42S02]: Base table or view not found: 1146 Table 'splod.ow_base_config' doesn't exist File: C:\Users\Utente\Documents\GitHub\SPLOD\oxwall\ow_core\database.php Line:723 Trace: [#0 C:\Users\Utente\Documents\GitHub\SPLOD\oxwall\ow_core\database.php(723): PDOStatement->execute()
#1 C:\Users\Utente\Documents\GitHub\SPLOD\oxwall\ow_core\database.php(344): OW_Database->execute('SELECT * FROM o...', Array)
#2 C:\Users\Utente\Documents\GitHub\SPLOD\oxwall\ow_core\base_dao.php(126): OW_Database->queryForObjectList('SELECT * FROM o...', 'BOL_Config', Array, 0, Array)
#3 C:\Users\Utente\Documents\GitHub\SPLOD\oxwall\ow_system_plugins\base\bol\config_service.php(121): OW_BaseDao->findAll()
#4 C:\Users\Utente\Documents\GitHub\SPLOD\oxwall\ow_core\config.php(58): BOL_ConfigService->findAllConfigs()
#5 C:\Users\Utente\Documents\GitHub\SPLOD\oxwall\ow_core\config.php(53): OW_Config->generateCache()
#6 C:\Users\Utente\Documents\GitHub\SPLOD\oxwall\ow_core\singleton.php(17): OW_Config->__construct()
#7 C:\Users\Utente\Documents\GitHub\SPLOD\oxwall\ow_core\ow.php(176): OW_Config::getInstance()
#8 C:\Users\Utente\Documents\GitHub\SPLOD\oxwall\ow_cron\run.php(48): OW::getConfig()
#9 {main}]
[Tue Nov 14 10:48:59 2017] [ow_core_log] [Exception] Message: SQLSTATE[42S02]: Base table or view not found: 1146 Table 'splod.ow_base_config' doesn't exist File: C:\Users\Utente\Documents\GitHub\SPLOD\oxwall\ow_core\database.php Line:723 Trace: [#0 C:\Users\Utente\Documents\GitHub\SPLOD\oxwall\ow_core\database.php(723): PDOStatement->execute()
#1 C:\Users\Utente\Documents\GitHub\SPLOD\oxwall\ow_core\database.php(344): OW_Database->execute('SELECT * FROM o...', Array)
#2 C:\Users\Utente\Documents\GitHub\SPLOD\oxwall\ow_core\base_dao.php(126): OW_Database->queryForObjectList('SELECT * FROM o...', 'BOL_Config', Array, 0, Array)
#3 C:\Users\Utente\Documents\GitHub\SPLOD\oxwall\ow_system_plugins\base\bol\config_service.php(121): OW_BaseDao->findAll()
#4 C:\Users\Utente\Documents\GitHub\SPLOD\oxwall\ow_core\config.php(58): BOL_ConfigService->findAllConfigs()
#5 C:\Users\Utente\Documents\GitHub\SPLOD\oxwall\ow_core\config.php(53): OW_Config->generateCache()
#6 C:\Users\Utente\Documents\GitHub\SPLOD\oxwall\ow_core\singleton.php(17): OW_Config->__construct()
#7 C:\Users\Utente\Documents\GitHub\SPLOD\oxwall\ow_core\ow.php(176): OW_Config::getInstance()
#8 C:\Users\Utente\Documents\GitHub\SPLOD\oxwall\ow_cron\run.php(48): OW::getConfig()
#9 {main}]
[Tue Nov 14 10:49:59 2017] [ow_core_log] [Exception] Message: SQLSTATE[42S02]: Base table or view not found: 1146 Table 'splod.ow_base_config' doesn't exist File: C:\Users\Utente\Documents\GitHub\SPLOD\oxwall\ow_core\database.php Line:723 Trace: [#0 C:\Users\Utente\Documents\GitHub\SPLOD\oxwall\ow_core\database.php(723): PDOStatement->execute()
#1 C:\Users\Utente\Documents\GitHub\SPLOD\oxwall\ow_core\database.php(344): OW_Database->execute('SELECT * FROM o...', Array)
#2 C:\Users\Utente\Documents\GitHub\SPLOD\oxwall\ow_core\base_dao.php(126): OW_Database->queryForObjectList('SELECT * FROM o...', 'BOL_Config', Array, 0, Array)
#3 C:\Users\Utente\Documents\GitHub\SPLOD\oxwall\ow_system_plugins\base\bol\config_service.php(121): OW_BaseDao->findAll()
#4 C:\Users\Utente\Documents\GitHub\SPLOD\oxwall\ow_core\config.php(58): BOL_ConfigService->findAllConfigs()
#5 C:\Users\Utente\Documents\GitHub\SPLOD\oxwall\ow_core\config.php(53): OW_Config->generateCache()
#6 C:\Users\Utente\Documents\GitHub\SPLOD\oxwall\ow_core\singleton.php(17): OW_Config->__construct()
#7 C:\Users\Utente\Documents\GitHub\SPLOD\oxwall\ow_core\ow.php(176): OW_Config::getInstance()
#8 C:\Users\Utente\Documents\GitHub\SPLOD\oxwall\ow_cron\run.php(48): OW::getConfig()
#9 {main}]
[Tue Nov 14 10:50:59 2017] [ow_core_log] [Exception] Message: SQLSTATE[42S02]: Base table or view not found: 1146 Table 'splod.ow_base_config' doesn't exist File: C:\Users\Utente\Documents\GitHub\SPLOD\oxwall\ow_core\database.php Line:723 Trace: [#0 C:\Users\Utente\Documents\GitHub\SPLOD\oxwall\ow_core\database.php(723): PDOStatement->execute()
#1 C:\Users\Utente\Documents\GitHub\SPLOD\oxwall\ow_core\database.php(344): OW_Database->execute('SELECT * FROM o...', Array)
#2 C:\Users\Utente\Documents\GitHub\SPLOD\oxwall\ow_core\base_dao.php(126): OW_Database->queryForObjectList('SELECT * FROM o...', 'BOL_Config', Array, 0, Array)
#3 C:\Users\Utente\Documents\GitHub\SPLOD\oxwall\ow_system_plugins\base\bol\config_service.php(121): OW_BaseDao->findAll()
#4 C:\Users\Utente\Documents\GitHub\SPLOD\oxwall\ow_core\config.php(58): BOL_ConfigService->findAllConfigs()
#5 C:\Users\Utente\Documents\GitHub\SPLOD\oxwall\ow_core\config.php(53): OW_Config->generateCache()
#6 C:\Users\Utente\Documents\GitHub\SPLOD\oxwall\ow_core\singleton.php(17): OW_Config->__construct()
#7 C:\Users\Utente\Documents\GitHub\SPLOD\oxwall\ow_core\ow.php(176): OW_Config::getInstance()
#8 C:\Users\Utente\Documents\GitHub\SPLOD\oxwall\ow_cron\run.php(48): OW::getConfig()
#9 {main}]
[Tue Nov 14 10:51:59 2017] [ow_core_log] [Exception] Message: SQLSTATE[42S02]: Base table or view not found: 1146 Table 'splod.ow_base_config' doesn't exist File: C:\Users\Utente\Documents\GitHub\SPLOD\oxwall\ow_core\database.php Line:723 Trace: [#0 C:\Users\Utente\Documents\GitHub\SPLOD\oxwall\ow_core\database.php(723): PDOStatement->execute()
#1 C:\Users\Utente\Documents\GitHub\SPLOD\oxwall\ow_core\database.php(344): OW_Database->execute('SELECT * FROM o...', Array)
#2 C:\Users\Utente\Documents\GitHub\SPLOD\oxwall\ow_core\base_dao.php(126): OW_Database->queryForObjectList('SELECT * FROM o...', 'BOL_Config', Array, 0, Array)
#3 C:\Users\Utente\Documents\GitHub\SPLOD\oxwall\ow_system_plugins\base\bol\config_service.php(121): OW_BaseDao->findAll()
#4 C:\Users\Utente\Documents\GitHub\SPLOD\oxwall\ow_core\config.php(58): BOL_ConfigService->findAllConfigs()
#5 C:\Users\Utente\Documents\GitHub\SPLOD\oxwall\ow_core\config.php(53): OW_Config->generateCache()
#6 C:\Users\Utente\Documents\GitHub\SPLOD\oxwall\ow_core\singleton.php(17): OW_Config->__construct()
#7 C:\Users\Utente\Documents\GitHub\SPLOD\oxwall\ow_core\ow.php(176): OW_Config::getInstance()
#8 C:\Users\Utente\Documents\GitHub\SPLOD\oxwall\ow_cron\run.php(48): OW::getConfig()
#9 {main}]
[Tue Nov 14 10:52:59 2017] [ow_core_log] [Exception] Message: SQLSTATE[42S02]: Base table or view not found: 1146 Table 'splod.ow_base_config' doesn't exist File: C:\Users\Utente\Documents\GitHub\SPLOD\oxwall\ow_core\database.php Line:723 Trace: [#0 C:\Users\Utente\Documents\GitHub\SPLOD\oxwall\ow_core\database.php(723): PDOStatement->execute()
#1 C:\Users\Utente\Documents\GitHub\SPLOD\oxwall\ow_core\database.php(344): OW_Database->execute('SELECT * FROM o...', Array)
#2 C:\Users\Utente\Documents\GitHub\SPLOD\oxwall\ow_core\base_dao.php(126): OW_Database->queryForObjectList('SELECT * FROM o...', 'BOL_Config', Array, 0, Array)
#3 C:\Users\Utente\Documents\GitHub\SPLOD\oxwall\ow_system_plugins\base\bol\config_service.php(121): OW_BaseDao->findAll()
#4 C:\Users\Utente\Documents\GitHub\SPLOD\oxwall\ow_core\config.php(58): BOL_ConfigService->findAllConfigs()
#5 C:\Users\Utente\Documents\GitHub\SPLOD\oxwall\ow_core\config.php(53): OW_Config->generateCache()
#6 C:\Users\Utente\Documents\GitHub\SPLOD\oxwall\ow_core\singleton.php(17): OW_Config->__construct()
#7 C:\Users\Utente\Documents\GitHub\SPLOD\oxwall\ow_core\ow.php(176): OW_Config::getInstance()
#8 C:\Users\Utente\Documents\GitHub\SPLOD\oxwall\ow_cron\run.php(48): OW::getConfig()
#9 {main}]
[Tue Nov 14 10:53:59 2017] [ow_core_log] [Exception] Message: SQLSTATE[42S02]: Base table or view not found: 1146 Table 'splod.ow_base_config' doesn't exist File: C:\Users\Utente\Documents\GitHub\SPLOD\oxwall\ow_core\database.php Line:723 Trace: [#0 C:\Users\Utente\Documents\GitHub\SPLOD\oxwall\ow_core\database.php(723): PDOStatement->execute()
#1 C:\Users\Utente\Documents\GitHub\SPLOD\oxwall\ow_core\database.php(344): OW_Database->execute('SELECT * FROM o...', Array)
#2 C:\Users\Utente\Documents\GitHub\SPLOD\oxwall\ow_core\base_dao.php(126): OW_Database->queryForObjectList('SELECT * FROM o...', 'BOL_Config', Array, 0, Array)
#3 C:\Users\Utente\Documents\GitHub\SPLOD\oxwall\ow_system_plugins\base\bol\config_service.php(121): OW_BaseDao->findAll()
#4 C:\Users\Utente\Documents\GitHub\SPLOD\oxwall\ow_core\config.php(58): BOL_ConfigService->findAllConfigs()
#5 C:\Users\Utente\Documents\GitHub\SPLOD\oxwall\ow_core\config.php(53): OW_Config->generateCache()
#6 C:\Users\Utente\Documents\GitHub\SPLOD\oxwall\ow_core\singleton.php(17): OW_Config->__construct()
#7 C:\Users\Utente\Documents\GitHub\SPLOD\oxwall\ow_core\ow.php(176): OW_Config::getInstance()
#8 C:\Users\Utente\Documents\GitHub\SPLOD\oxwall\ow_cron\run.php(48): OW::getConfig()
#9 {main}]
[Tue Nov 14 10:54:59 2017] [ow_core_log] [Exception] Message: SQLSTATE[42S02]: Base table or view not found: 1146 Table 'splod.ow_base_config' doesn't exist File: C:\Users\Utente\Documents\GitHub\SPLOD\oxwall\ow_core\database.php Line:723 Trace: [#0 C:\Users\Utente\Documents\GitHub\SPLOD\oxwall\ow_core\database.php(723): PDOStatement->execute()
#1 C:\Users\Utente\Documents\GitHub\SPLOD\oxwall\ow_core\database.php(344): OW_Database->execute('SELECT * FROM o...', Array)
#2 C:\Users\Utente\Documents\GitHub\SPLOD\oxwall\ow_core\base_dao.php(126): OW_Database->queryForObjectList('SELECT * FROM o...', 'BOL_Config', Array, 0, Array)
#3 C:\Users\Utente\Documents\GitHub\SPLOD\oxwall\ow_system_plugins\base\bol\config_service.php(121): OW_BaseDao->findAll()
#4 C:\Users\Utente\Documents\GitHub\SPLOD\oxwall\ow_core\config.php(58): BOL_ConfigService->findAllConfigs()
#5 C:\Users\Utente\Documents\GitHub\SPLOD\oxwall\ow_core\config.php(53): OW_Config->generateCache()
#6 C:\Users\Utente\Documents\GitHub\SPLOD\oxwall\ow_core\singleton.php(17): OW_Config->__construct()
#7 C:\Users\Utente\Documents\GitHub\SPLOD\oxwall\ow_core\ow.php(176): OW_Config::getInstance()
#8 C:\Users\Utente\Documents\GitHub\SPLOD\oxwall\ow_cron\run.php(48): OW::getConfig()
#9 {main}]
[Tue Nov 14 10:55:59 2017] [ow_core_log] [Exception] Message: SQLSTATE[42S02]: Base table or view not found: 1146 Table 'splod.ow_base_config' doesn't exist File: C:\Users\Utente\Documents\GitHub\SPLOD\oxwall\ow_core\database.php Line:723 Trace: [#0 C:\Users\Utente\Documents\GitHub\SPLOD\oxwall\ow_core\database.php(723): PDOStatement->execute()
#1 C:\Users\Utente\Documents\GitHub\SPLOD\oxwall\ow_core\database.php(344): OW_Database->execute('SELECT * FROM o...', Array)
#2 C:\Users\Utente\Documents\GitHub\SPLOD\oxwall\ow_core\base_dao.php(126): OW_Database->queryForObjectList('SELECT * FROM o...', 'BOL_Config', Array, 0, Array)
#3 C:\Users\Utente\Documents\GitHub\SPLOD\oxwall\ow_system_plugins\base\bol\config_service.php(121): OW_BaseDao->findAll()
#4 C:\Users\Utente\Documents\GitHub\SPLOD\oxwall\ow_core\config.php(58): BOL_ConfigService->findAllConfigs()
#5 C:\Users\Utente\Documents\GitHub\SPLOD\oxwall\ow_core\config.php(53): OW_Config->generateCache()
#6 C:\Users\Utente\Documents\GitHub\SPLOD\oxwall\ow_core\singleton.php(17): OW_Config->__construct()
#7 C:\Users\Utente\Documents\GitHub\SPLOD\oxwall\ow_core\ow.php(176): OW_Config::getInstance()
#8 C:\Users\Utente\Documents\GitHub\SPLOD\oxwall\ow_cron\run.php(48): OW::getConfig()
#9 {main}]
[Tue Nov 14 10:56:59 2017] [ow_core_log] [Exception] Message: SQLSTATE[42S02]: Base table or view not found: 1146 Table 'splod.ow_base_config' doesn't exist File: C:\Users\Utente\Documents\GitHub\SPLOD\oxwall\ow_core\database.php Line:723 Trace: [#0 C:\Users\Utente\Documents\GitHub\SPLOD\oxwall\ow_core\database.php(723): PDOStatement->execute()
#1 C:\Users\Utente\Documents\GitHub\SPLOD\oxwall\ow_core\database.php(344): OW_Database->execute('SELECT * FROM o...', Array)
#2 C:\Users\Utente\Documents\GitHub\SPLOD\oxwall\ow_core\base_dao.php(126): OW_Database->queryForObjectList('SELECT * FROM o...', 'BOL_Config', Array, 0, Array)
#3 C:\Users\Utente\Documents\GitHub\SPLOD\oxwall\ow_system_plugins\base\bol\config_service.php(121): OW_BaseDao->findAll()
#4 C:\Users\Utente\Documents\GitHub\SPLOD\oxwall\ow_core\config.php(58): BOL_ConfigService->findAllConfigs()
#5 C:\Users\Utente\Documents\GitHub\SPLOD\oxwall\ow_core\config.php(53): OW_Config->generateCache()
#6 C:\Users\Utente\Documents\GitHub\SPLOD\oxwall\ow_core\singleton.php(17): OW_Config->__construct()
#7 C:\Users\Utente\Documents\GitHub\SPLOD\oxwall\ow_core\ow.php(176): OW_Config::getInstance()
#8 C:\Users\Utente\Documents\GitHub\SPLOD\oxwall\ow_cron\run.php(48): OW::getConfig()
#9 {main}]
[Tue Nov 14 10:57:59 2017] [ow_core_log] [Exception] Message: SQLSTATE[42S02]: Base table or view not found: 1146 Table 'splod.ow_base_config' doesn't exist File: C:\Users\Utente\Documents\GitHub\SPLOD\oxwall\ow_core\database.php Line:723 Trace: [#0 C:\Users\Utente\Documents\GitHub\SPLOD\oxwall\ow_core\database.php(723): PDOStatement->execute()
#1 C:\Users\Utente\Documents\GitHub\SPLOD\oxwall\ow_core\database.php(344): OW_Database->execute('SELECT * FROM o...', Array)
#2 C:\Users\Utente\Documents\GitHub\SPLOD\oxwall\ow_core\base_dao.php(126): OW_Database->queryForObjectList('SELECT * FROM o...', 'BOL_Config', Array, 0, Array)
#3 C:\Users\Utente\Documents\GitHub\SPLOD\oxwall\ow_system_plugins\base\bol\config_service.php(121): OW_BaseDao->findAll()
#4 C:\Users\Utente\Documents\GitHub\SPLOD\oxwall\ow_core\config.php(58): BOL_ConfigService->findAllConfigs()
#5 C:\Users\Utente\Documents\GitHub\SPLOD\oxwall\ow_core\config.php(53): OW_Config->generateCache()
#6 C:\Users\Utente\Documents\GitHub\SPLOD\oxwall\ow_core\singleton.php(17): OW_Config->__construct()
#7 C:\Users\Utente\Documents\GitHub\SPLOD\oxwall\ow_core\ow.php(176): OW_Config::getInstance()
#8 C:\Users\Utente\Documents\GitHub\SPLOD\oxwall\ow_cron\run.php(48): OW::getConfig()
#9 {main}]
[Sat Nov 18 10:37:02 2017] [ow_core_log] [Exception] Message: SQLSTATE[HY000] [2002] Impossibile stabilire la connessione. Rifiuto persistente del computer di destinazione.
 File: C:\Users\Utente\Documents\GitHub\SPLOD\oxwall\ow_core\database.php Line:226 Trace: [#0 C:\Users\Utente\Documents\GitHub\SPLOD\oxwall\ow_core\database.php(256): OW_Database->__construct(Array)
#1 C:\Users\Utente\Documents\GitHub\SPLOD\oxwall\ow_core\ow.php(239): OW_Database::getInstance(Array)
#2 C:\Users\Utente\Documents\GitHub\SPLOD\oxwall\ow_core\base_dao.php(47): OW::getDbo()
#3 C:\Users\Utente\Documents\GitHub\SPLOD\oxwall\ow_system_plugins\base\bol\config_dao.php(66): OW_BaseDao->__construct()
#4 C:\Users\Utente\Documents\GitHub\SPLOD\oxwall\ow_system_plugins\base\bol\config_dao.php(55): BOL_ConfigDao->__construct()
#5 C:\Users\Utente\Documents\GitHub\SPLOD\oxwall\ow_system_plugins\base\bol\config_service.php(69): BOL_ConfigDao::getInstance()
#6 C:\Users\Utente\Documents\GitHub\SPLOD\oxwall\ow_system_plugins\base\bol\config_service.php(58): BOL_ConfigService->__construct()
#7 C:\Users\Utente\Documents\GitHub\SPLOD\oxwall\ow_core\config.php(51): BOL_ConfigService::getInstance()
#8 C:\Users\Utente\Documents\GitHub\SPLOD\oxwall\ow_core\singleton.php(17): OW_Config->__construct()
#9 C:\Users\Utente\Documents\GitHub\SPLOD\oxwall\ow_core\ow.php(176): OW_Config::getInstance()
#10 C:\Users\Utente\Documents\GitHub\SPLOD\oxwall\ow_cron\run.php(48): OW::getConfig()
#11 {main}]
[Sat Nov 18 11:37:01 2017] [ow_core_log] [Exception] Message: SQLSTATE[HY000] [2002] Impossibile stabilire la connessione. Rifiuto persistente del computer di destinazione.
 File: C:\Users\Utente\Documents\GitHub\SPLOD\oxwall\ow_core\database.php Line:226 Trace: [#0 C:\Users\Utente\Documents\GitHub\SPLOD\oxwall\ow_core\database.php(256): OW_Database->__construct(Array)
#1 C:\Users\Utente\Documents\GitHub\SPLOD\oxwall\ow_core\ow.php(239): OW_Database::getInstance(Array)
#2 C:\Users\Utente\Documents\GitHub\SPLOD\oxwall\ow_core\base_dao.php(47): OW::getDbo()
#3 C:\Users\Utente\Documents\GitHub\SPLOD\oxwall\ow_system_plugins\base\bol\config_dao.php(66): OW_BaseDao->__construct()
#4 C:\Users\Utente\Documents\GitHub\SPLOD\oxwall\ow_system_plugins\base\bol\config_dao.php(55): BOL_ConfigDao->__construct()
#5 C:\Users\Utente\Documents\GitHub\SPLOD\oxwall\ow_system_plugins\base\bol\config_service.php(69): BOL_ConfigDao::getInstance()
#6 C:\Users\Utente\Documents\GitHub\SPLOD\oxwall\ow_system_plugins\base\bol\config_service.php(58): BOL_ConfigService->__construct()
#7 C:\Users\Utente\Documents\GitHub\SPLOD\oxwall\ow_core\config.php(51): BOL_ConfigService::getInstance()
#8 C:\Users\Utente\Documents\GitHub\SPLOD\oxwall\ow_core\singleton.php(17): OW_Config->__construct()
#9 C:\Users\Utente\Documents\GitHub\SPLOD\oxwall\ow_core\ow.php(176): OW_Config::getInstance()
#10 C:\Users\Utente\Documents\GitHub\SPLOD\oxwall\ow_cron\run.php(48): OW::getConfig()
#11 {main}]
[Sat Nov 18 18:37:01 2017] [ow_core_log] [Exception] Message: SQLSTATE[HY000] [2002] Impossibile stabilire la connessione. Rifiuto persistente del computer di destinazione.
 File: C:\Users\Utente\Documents\GitHub\SPLOD\oxwall\ow_core\database.php Line:226 Trace: [#0 C:\Users\Utente\Documents\GitHub\SPLOD\oxwall\ow_core\database.php(256): OW_Database->__construct(Array)
#1 C:\Users\Utente\Documents\GitHub\SPLOD\oxwall\ow_core\ow.php(239): OW_Database::getInstance(Array)
#2 C:\Users\Utente\Documents\GitHub\SPLOD\oxwall\ow_core\base_dao.php(47): OW::getDbo()
#3 C:\Users\Utente\Documents\GitHub\SPLOD\oxwall\ow_system_plugins\base\bol\config_dao.php(66): OW_BaseDao->__construct()
#4 C:\Users\Utente\Documents\GitHub\SPLOD\oxwall\ow_system_plugins\base\bol\config_dao.php(55): BOL_ConfigDao->__construct()
#5 C:\Users\Utente\Documents\GitHub\SPLOD\oxwall\ow_system_plugins\base\bol\config_service.php(69): BOL_ConfigDao::getInstance()
#6 C:\Users\Utente\Documents\GitHub\SPLOD\oxwall\ow_system_plugins\base\bol\config_service.php(58): BOL_ConfigService->__construct()
#7 C:\Users\Utente\Documents\GitHub\SPLOD\oxwall\ow_core\config.php(51): BOL_ConfigService::getInstance()
#8 C:\Users\Utente\Documents\GitHub\SPLOD\oxwall\ow_core\singleton.php(17): OW_Config->__construct()
#9 C:\Users\Utente\Documents\GitHub\SPLOD\oxwall\ow_core\ow.php(176): OW_Config::getInstance()
#10 C:\Users\Utente\Documents\GitHub\SPLOD\oxwall\ow_cron\run.php(48): OW::getConfig()
#11 {main}]
[Mon Nov 20 9:37:01 2017] [ow_core_log] [Exception] Message: SQLSTATE[HY000] [2002] Impossibile stabilire la connessione. Rifiuto persistente del computer di destinazione.
 File: C:\Users\Utente\Documents\GitHub\SPLOD\oxwall\ow_core\database.php Line:226 Trace: [#0 C:\Users\Utente\Documents\GitHub\SPLOD\oxwall\ow_core\database.php(256): OW_Database->__construct(Array)
#1 C:\Users\Utente\Documents\GitHub\SPLOD\oxwall\ow_core\ow.php(239): OW_Database::getInstance(Array)
#2 C:\Users\Utente\Documents\GitHub\SPLOD\oxwall\ow_core\base_dao.php(47): OW::getDbo()
#3 C:\Users\Utente\Documents\GitHub\SPLOD\oxwall\ow_system_plugins\base\bol\config_dao.php(66): OW_BaseDao->__construct()
#4 C:\Users\Utente\Documents\GitHub\SPLOD\oxwall\ow_system_plugins\base\bol\config_dao.php(55): BOL_ConfigDao->__construct()
#5 C:\Users\Utente\Documents\GitHub\SPLOD\oxwall\ow_system_plugins\base\bol\config_service.php(69): BOL_ConfigDao::getInstance()
#6 C:\Users\Utente\Documents\GitHub\SPLOD\oxwall\ow_system_plugins\base\bol\config_service.php(58): BOL_ConfigService->__construct()
#7 C:\Users\Utente\Documents\GitHub\SPLOD\oxwall\ow_core\config.php(51): BOL_ConfigService::getInstance()
#8 C:\Users\Utente\Documents\GitHub\SPLOD\oxwall\ow_core\singleton.php(17): OW_Config->__construct()
#9 C:\Users\Utente\Documents\GitHub\SPLOD\oxwall\ow_core\ow.php(176): OW_Config::getInstance()
#10 C:\Users\Utente\Documents\GitHub\SPLOD\oxwall\ow_cron\run.php(48): OW::getConfig()
#11 {main}]
[Mon Nov 20 10:37:01 2017] [ow_core_log] [Exception] Message: SQLSTATE[HY000] [2002] Impossibile stabilire la connessione. Rifiuto persistente del computer di destinazione.
 File: C:\Users\Utente\Documents\GitHub\SPLOD\oxwall\ow_core\database.php Line:226 Trace: [#0 C:\Users\Utente\Documents\GitHub\SPLOD\oxwall\ow_core\database.php(256): OW_Database->__construct(Array)
#1 C:\Users\Utente\Documents\GitHub\SPLOD\oxwall\ow_core\ow.php(239): OW_Database::getInstance(Array)
#2 C:\Users\Utente\Documents\GitHub\SPLOD\oxwall\ow_core\base_dao.php(47): OW::getDbo()
#3 C:\Users\Utente\Documents\GitHub\SPLOD\oxwall\ow_system_plugins\base\bol\config_dao.php(66): OW_BaseDao->__construct()
#4 C:\Users\Utente\Documents\GitHub\SPLOD\oxwall\ow_system_plugins\base\bol\config_dao.php(55): BOL_ConfigDao->__construct()
#5 C:\Users\Utente\Documents\GitHub\SPLOD\oxwall\ow_system_plugins\base\bol\config_service.php(69): BOL_ConfigDao::getInstance()
#6 C:\Users\Utente\Documents\GitHub\SPLOD\oxwall\ow_system_plugins\base\bol\config_service.php(58): BOL_ConfigService->__construct()
#7 C:\Users\Utente\Documents\GitHub\SPLOD\oxwall\ow_core\config.php(51): BOL_ConfigService::getInstance()
#8 C:\Users\Utente\Documents\GitHub\SPLOD\oxwall\ow_core\singleton.php(17): OW_Config->__construct()
#9 C:\Users\Utente\Documents\GitHub\SPLOD\oxwall\ow_core\ow.php(176): OW_Config::getInstance()
#10 C:\Users\Utente\Documents\GitHub\SPLOD\oxwall\ow_cron\run.php(48): OW::getConfig()
#11 {main}]
[Mon Nov 20 11:37:01 2017] [ow_core_log] [Exception] Message: SQLSTATE[HY000] [2002] Impossibile stabilire la connessione. Rifiuto persistente del computer di destinazione.
 File: C:\Users\Utente\Documents\GitHub\SPLOD\oxwall\ow_core\database.php Line:226 Trace: [#0 C:\Users\Utente\Documents\GitHub\SPLOD\oxwall\ow_core\database.php(256): OW_Database->__construct(Array)
#1 C:\Users\Utente\Documents\GitHub\SPLOD\oxwall\ow_core\ow.php(239): OW_Database::getInstance(Array)
#2 C:\Users\Utente\Documents\GitHub\SPLOD\oxwall\ow_core\base_dao.php(47): OW::getDbo()
#3 C:\Users\Utente\Documents\GitHub\SPLOD\oxwall\ow_system_plugins\base\bol\config_dao.php(66): OW_BaseDao->__construct()
#4 C:\Users\Utente\Documents\GitHub\SPLOD\oxwall\ow_system_plugins\base\bol\config_dao.php(55): BOL_ConfigDao->__construct()
#5 C:\Users\Utente\Documents\GitHub\SPLOD\oxwall\ow_system_plugins\base\bol\config_service.php(69): BOL_ConfigDao::getInstance()
#6 C:\Users\Utente\Documents\GitHub\SPLOD\oxwall\ow_system_plugins\base\bol\config_service.php(58): BOL_ConfigService->__construct()
#7 C:\Users\Utente\Documents\GitHub\SPLOD\oxwall\ow_core\config.php(51): BOL_ConfigService::getInstance()
#8 C:\Users\Utente\Documents\GitHub\SPLOD\oxwall\ow_core\singleton.php(17): OW_Config->__construct()
#9 C:\Users\Utente\Documents\GitHub\SPLOD\oxwall\ow_core\ow.php(176): OW_Config::getInstance()
#10 C:\Users\Utente\Documents\GitHub\SPLOD\oxwall\ow_cron\run.php(48): OW::getConfig()
#11 {main}]
[Mon Nov 20 13:37:01 2017] [ow_core_log] [Exception] Message: SQLSTATE[HY000] [2002] Impossibile stabilire la connessione. Rifiuto persistente del computer di destinazione.
 File: C:\Users\Utente\Documents\GitHub\SPLOD\oxwall\ow_core\database.php Line:226 Trace: [#0 C:\Users\Utente\Documents\GitHub\SPLOD\oxwall\ow_core\database.php(256): OW_Database->__construct(Array)
#1 C:\Users\Utente\Documents\GitHub\SPLOD\oxwall\ow_core\ow.php(239): OW_Database::getInstance(Array)
#2 C:\Users\Utente\Documents\GitHub\SPLOD\oxwall\ow_core\base_dao.php(47): OW::getDbo()
#3 C:\Users\Utente\Documents\GitHub\SPLOD\oxwall\ow_system_plugins\base\bol\config_dao.php(66): OW_BaseDao->__construct()
#4 C:\Users\Utente\Documents\GitHub\SPLOD\oxwall\ow_system_plugins\base\bol\config_dao.php(55): BOL_ConfigDao->__construct()
#5 C:\Users\Utente\Documents\GitHub\SPLOD\oxwall\ow_system_plugins\base\bol\config_service.php(69): BOL_ConfigDao::getInstance()
#6 C:\Users\Utente\Documents\GitHub\SPLOD\oxwall\ow_system_plugins\base\bol\config_service.php(58): BOL_ConfigService->__construct()
#7 C:\Users\Utente\Documents\GitHub\SPLOD\oxwall\ow_core\config.php(51): BOL_ConfigService::getInstance()
#8 C:\Users\Utente\Documents\GitHub\SPLOD\oxwall\ow_core\singleton.php(17): OW_Config->__construct()
#9 C:\Users\Utente\Documents\GitHub\SPLOD\oxwall\ow_core\ow.php(176): OW_Config::getInstance()
#10 C:\Users\Utente\Documents\GitHub\SPLOD\oxwall\ow_cron\run.php(48): OW::getConfig()
#11 {main}]
[Mon Nov 20 14:37:01 2017] [ow_core_log] [Exception] Message: SQLSTATE[HY000] [2002] Impossibile stabilire la connessione. Rifiuto persistente del computer di destinazione.
 File: C:\Users\Utente\Documents\GitHub\SPLOD\oxwall\ow_core\database.php Line:226 Trace: [#0 C:\Users\Utente\Documents\GitHub\SPLOD\oxwall\ow_core\database.php(256): OW_Database->__construct(Array)
#1 C:\Users\Utente\Documents\GitHub\SPLOD\oxwall\ow_core\ow.php(239): OW_Database::getInstance(Array)
#2 C:\Users\Utente\Documents\GitHub\SPLOD\oxwall\ow_core\base_dao.php(47): OW::getDbo()
#3 C:\Users\Utente\Documents\GitHub\SPLOD\oxwall\ow_system_plugins\base\bol\config_dao.php(66): OW_BaseDao->__construct()
#4 C:\Users\Utente\Documents\GitHub\SPLOD\oxwall\ow_system_plugins\base\bol\config_dao.php(55): BOL_ConfigDao->__construct()
#5 C:\Users\Utente\Documents\GitHub\SPLOD\oxwall\ow_system_plugins\base\bol\config_service.php(69): BOL_ConfigDao::getInstance()
#6 C:\Users\Utente\Documents\GitHub\SPLOD\oxwall\ow_system_plugins\base\bol\config_service.php(58): BOL_ConfigService->__construct()
#7 C:\Users\Utente\Documents\GitHub\SPLOD\oxwall\ow_core\config.php(51): BOL_ConfigService::getInstance()
#8 C:\Users\Utente\Documents\GitHub\SPLOD\oxwall\ow_core\singleton.php(17): OW_Config->__construct()
#9 C:\Users\Utente\Documents\GitHub\SPLOD\oxwall\ow_core\ow.php(176): OW_Config::getInstance()
#10 C:\Users\Utente\Documents\GitHub\SPLOD\oxwall\ow_cron\run.php(48): OW::getConfig()
#11 {main}]
[Mon Nov 20 15:37:01 2017] [ow_core_log] [Exception] Message: SQLSTATE[HY000] [2002] Impossibile stabilire la connessione. Rifiuto persistente del computer di destinazione.
 File: C:\Users\Utente\Documents\GitHub\SPLOD\oxwall\ow_core\database.php Line:226 Trace: [#0 C:\Users\Utente\Documents\GitHub\SPLOD\oxwall\ow_core\database.php(256): OW_Database->__construct(Array)
#1 C:\Users\Utente\Documents\GitHub\SPLOD\oxwall\ow_core\ow.php(239): OW_Database::getInstance(Array)
#2 C:\Users\Utente\Documents\GitHub\SPLOD\oxwall\ow_core\base_dao.php(47): OW::getDbo()
#3 C:\Users\Utente\Documents\GitHub\SPLOD\oxwall\ow_system_plugins\base\bol\config_dao.php(66): OW_BaseDao->__construct()
#4 C:\Users\Utente\Documents\GitHub\SPLOD\oxwall\ow_system_plugins\base\bol\config_dao.php(55): BOL_ConfigDao->__construct()
#5 C:\Users\Utente\Documents\GitHub\SPLOD\oxwall\ow_system_plugins\base\bol\config_service.php(69): BOL_ConfigDao::getInstance()
#6 C:\Users\Utente\Documents\GitHub\SPLOD\oxwall\ow_system_plugins\base\bol\config_service.php(58): BOL_ConfigService->__construct()
#7 C:\Users\Utente\Documents\GitHub\SPLOD\oxwall\ow_core\config.php(51): BOL_ConfigService::getInstance()
#8 C:\Users\Utente\Documents\GitHub\SPLOD\oxwall\ow_core\singleton.php(17): OW_Config->__construct()
#9 C:\Users\Utente\Documents\GitHub\SPLOD\oxwall\ow_core\ow.php(176): OW_Config::getInstance()
#10 C:\Users\Utente\Documents\GitHub\SPLOD\oxwall\ow_cron\run.php(48): OW::getConfig()
#11 {main}]
